[debug] [2025-05-23T14:08:56.603Z] ----------------------------------------------------------------------
[debug] [2025-05-23T14:08:56.608Z] Command:       C:\Program Files\nodejs\node.exe C:\Users\kumar\AppData\Roaming\npm\node_modules\firebase-tools\lib\bin\firebase.js deploy
[debug] [2025-05-23T14:08:56.609Z] CLI Version:   14.4.0
[debug] [2025-05-23T14:08:56.609Z] Platform:      win32
[debug] [2025-05-23T14:08:56.609Z] Node Version:  v22.16.0
[debug] [2025-05-23T14:08:56.610Z] Time:          Fri May 23 2025 19:38:56 GMT+0530 (India Standard Time)
[debug] [2025-05-23T14:08:56.610Z] ----------------------------------------------------------------------
[debug] 
[debug] [2025-05-23T14:08:56.948Z] > command requires scopes: ["email","openid","https://www.googleapis.com/auth/cloudplatformprojects.readonly","https://www.googleapis.com/auth/firebase","https://www.googleapis.com/auth/cloud-platform"]
[debug] [2025-05-23T14:08:56.949Z] > authorizing via signed-in user (kumar.nirmal2608@gmail.com)
[debug] [2025-05-23T14:08:56.949Z] [iam] checking project barbershop-scheduler-1cbed for permissions ["cloudfunctions.functions.create","cloudfunctions.functions.delete","cloudfunctions.functions.get","cloudfunctions.functions.list","cloudfunctions.functions.update","cloudfunctions.operations.get","datastore.indexes.create","datastore.indexes.delete","datastore.indexes.list","datastore.indexes.update","firebase.projects.get","firebasehosting.sites.update"]
[debug] [2025-05-23T14:08:56.951Z] Checked if tokens are valid: true, expires at: 1748010604268
[debug] [2025-05-23T14:08:56.951Z] Checked if tokens are valid: true, expires at: 1748010604268
[debug] [2025-05-23T14:08:56.952Z] >>> [apiv2][query] POST https://cloudresourcemanager.googleapis.com/v1/projects/barbershop-scheduler-1cbed:testIamPermissions [none]
[debug] [2025-05-23T14:08:56.952Z] >>> [apiv2][(partial)header] POST https://cloudresourcemanager.googleapis.com/v1/projects/barbershop-scheduler-1cbed:testIamPermissions x-goog-quota-user=projects/barbershop-scheduler-1cbed
[debug] [2025-05-23T14:08:56.952Z] >>> [apiv2][body] POST https://cloudresourcemanager.googleapis.com/v1/projects/barbershop-scheduler-1cbed:testIamPermissions {"permissions":["cloudfunctions.functions.create","cloudfunctions.functions.delete","cloudfunctions.functions.get","cloudfunctions.functions.list","cloudfunctions.functions.update","cloudfunctions.operations.get","datastore.indexes.create","datastore.indexes.delete","datastore.indexes.list","datastore.indexes.update","firebase.projects.get","firebasehosting.sites.update"]}
[debug] [2025-05-23T14:09:14.675Z] *** [apiv2] error from fetch(https://cloudresourcemanager.googleapis.com/v1/projects/barbershop-scheduler-1cbed:testIamPermissions, {"headers":{},"method":"POST","body":"{\"permissions\":[\"cloudfunctions.functions.create\",\"cloudfunctions.functions.delete\",\"cloudfunctions.functions.get\",\"cloudfunctions.functions.list\",\"cloudfunctions.functions.update\",\"cloudfunctions.operations.get\",\"datastore.indexes.create\",\"datastore.indexes.delete\",\"datastore.indexes.list\",\"datastore.indexes.update\",\"firebase.projects.get\",\"firebasehosting.sites.update\"]}"}): FetchError: request to https://cloudresourcemanager.googleapis.com/v1/projects/barbershop-scheduler-1cbed:testIamPermissions failed, reason: 
[debug] [2025-05-23T14:09:14.676Z] [iam] error while checking permissions, command may fail: Failed to make request to https://cloudresourcemanager.googleapis.com/v1/projects/barbershop-scheduler-1cbed:testIamPermissions
[debug] [2025-05-23T14:09:14.678Z] Checked if tokens are valid: true, expires at: 1748010604268
[debug] [2025-05-23T14:09:14.679Z] Checked if tokens are valid: true, expires at: 1748010604268
[debug] [2025-05-23T14:09:14.679Z] >>> [apiv2][query] POST https://iam.googleapis.com/v1/projects/barbershop-scheduler-1cbed/serviceAccounts/barbershop-scheduler-1cbed@appspot.gserviceaccount.com:testIamPermissions [none]
[debug] [2025-05-23T14:09:14.679Z] >>> [apiv2][body] POST https://iam.googleapis.com/v1/projects/barbershop-scheduler-1cbed/serviceAccounts/barbershop-scheduler-1cbed@appspot.gserviceaccount.com:testIamPermissions {"permissions":["iam.serviceAccounts.actAs"]}
[debug] [2025-05-23T14:09:14.708Z] *** [apiv2] error from fetch(https://iam.googleapis.com/v1/projects/barbershop-scheduler-1cbed/serviceAccounts/barbershop-scheduler-1cbed@appspot.gserviceaccount.com:testIamPermissions, {"headers":{},"method":"POST","body":"{\"permissions\":[\"iam.serviceAccounts.actAs\"]}"}): FetchError: request to https://iam.googleapis.com/v1/projects/barbershop-scheduler-1cbed/serviceAccounts/barbershop-scheduler-1cbed@appspot.gserviceaccount.com:testIamPermissions failed, reason: getaddrinfo EAI_AGAIN iam.googleapis.com
[debug] [2025-05-23T14:09:14.709Z] [functions] service account IAM check errored, deploy may fail: Failed to make request to https://iam.googleapis.com/v1/projects/barbershop-scheduler-1cbed/serviceAccounts/barbershop-scheduler-1cbed@appspot.gserviceaccount.com:testIamPermissions {"name":"FirebaseError","children":[],"exit":1,"message":"Failed to make request to https://iam.googleapis.com/v1/projects/barbershop-scheduler-1cbed/serviceAccounts/barbershop-scheduler-1cbed@appspot.gserviceaccount.com:testIamPermissions","original":{"message":"request to https://iam.googleapis.com/v1/projects/barbershop-scheduler-1cbed/serviceAccounts/barbershop-scheduler-1cbed@appspot.gserviceaccount.com:testIamPermissions failed, reason: getaddrinfo EAI_AGAIN iam.googleapis.com","type":"system","errno":"EAI_AGAIN","code":"EAI_AGAIN"},"status":500}
[debug] [2025-05-23T14:09:14.711Z] Checked if tokens are valid: true, expires at: 1748010604268
[debug] [2025-05-23T14:09:14.711Z] Checked if tokens are valid: true, expires at: 1748010604268
[debug] [2025-05-23T14:09:14.712Z] >>> [apiv2][query] GET https://firebase.googleapis.com/v1beta1/projects/barbershop-scheduler-1cbed [none]
[debug] [2025-05-23T14:09:14.732Z] *** [apiv2] error from fetch(https://firebase.googleapis.com/v1beta1/projects/barbershop-scheduler-1cbed, {"headers":{},"method":"GET","signal":{}}): FetchError: request to https://firebase.googleapis.com/v1beta1/projects/barbershop-scheduler-1cbed failed, reason: getaddrinfo EAI_AGAIN firebase.googleapis.com
[debug] [2025-05-23T14:09:14.732Z] Failed to make request to https://firebase.googleapis.com/v1beta1/projects/barbershop-scheduler-1cbed (original: request to https://firebase.googleapis.com/v1beta1/projects/barbershop-scheduler-1cbed failed, reason: getaddrinfo EAI_AGAIN firebase.googleapis.com)
[error] 
[error] Error: Assertion failed: resolving hosting target of a site with no site name or target name. This should have caused an error earlier
